Determining if the pthread_create exist failed with the following output:
Change Dir: /home/ubuntu/dev/lrscp_ws/build/CMakeFiles/CMakeTmp

Run Build Command:"/usr/bin/make" "cmTC_7dade/fast"
/usr/bin/make -f CMakeFiles/cmTC_7dade.dir/build.make CMakeFiles/cmTC_7dade.dir/build
make[1]: Entering directory '/home/ubuntu/dev/lrscp_ws/build/CMakeFiles/CMakeTmp'
Building C object CMakeFiles/cmTC_7dade.dir/CheckSymbolExists.c.o
/usr/bin/cc     -o CMakeFiles/cmTC_7dade.dir/CheckSymbolExists.c.o   -c /home/ubuntu/dev/lrscp_ws/build/CMakeFiles/CMakeTmp/CheckSymbolExists.c
Linking C executable cmTC_7dade
/usr/bin/cmake -E cmake_link_script CMakeFiles/cmTC_7dade.dir/link.txt --verbose=1
/usr/bin/cc       CMakeFiles/cmTC_7dade.dir/CheckSymbolExists.c.o  -o cmTC_7dade -rdynamic 
CMakeFiles/cmTC_7dade.dir/CheckSymbolExists.c.o: In function `main':
CheckSymbolExists.c:(.text+0x14): undefined reference to `pthread_create'
CheckSymbolExists.c:(.text+0x18): undefined reference to `pthread_create'
collect2: error: ld returned 1 exit status
CMakeFiles/cmTC_7dade.dir/build.make:97: recipe for target 'cmTC_7dade' failed
make[1]: *** [cmTC_7dade] Error 1
make[1]: Leaving directory '/home/ubuntu/dev/lrscp_ws/build/CMakeFiles/CMakeTmp'
Makefile:126: recipe for target 'cmTC_7dade/fast' failed
make: *** [cmTC_7dade/fast] Error 2

File /home/ubuntu/dev/lrscp_ws/build/CMakeFiles/CMakeTmp/CheckSymbolExists.c:
/* */
#include <pthread.h>

int main(int argc, char** argv)
{
  (void)argv;
#ifndef pthread_create
  return ((int*)(&pthread_create))[argc];
#else
  (void)argc;
  return 0;
#endif
}

Determining if the function pthread_create exists in the pthreads failed with the following output:
Change Dir: /home/ubuntu/dev/lrscp_ws/build/CMakeFiles/CMakeTmp

Run Build Command:"/usr/bin/make" "cmTC_ea6ae/fast"
/usr/bin/make -f CMakeFiles/cmTC_ea6ae.dir/build.make CMakeFiles/cmTC_ea6ae.dir/build
make[1]: Entering directory '/home/ubuntu/dev/lrscp_ws/build/CMakeFiles/CMakeTmp'
Building C object CMakeFiles/cmTC_ea6ae.dir/CheckFunctionExists.c.o
/usr/bin/cc    -DCHECK_FUNCTION_EXISTS=pthread_create   -o CMakeFiles/cmTC_ea6ae.dir/CheckFunctionExists.c.o   -c /usr/share/cmake-3.5/Modules/CheckFunctionExists.c
Linking C executable cmTC_ea6ae
/usr/bin/cmake -E cmake_link_script CMakeFiles/cmTC_ea6ae.dir/link.txt --verbose=1
/usr/bin/cc   -DCHECK_FUNCTION_EXISTS=pthread_create    CMakeFiles/cmTC_ea6ae.dir/CheckFunctionExists.c.o  -o cmTC_ea6ae -rdynamic -lpthreads 
/usr/bin/ld: cannot find -lpthreads
collect2: error: ld returned 1 exit status
CMakeFiles/cmTC_ea6ae.dir/build.make:97: recipe for target 'cmTC_ea6ae' failed
make[1]: *** [cmTC_ea6ae] Error 1
make[1]: Leaving directory '/home/ubuntu/dev/lrscp_ws/build/CMakeFiles/CMakeTmp'
Makefile:126: recipe for target 'cmTC_ea6ae/fast' failed
make: *** [cmTC_ea6ae/fast] Error 2


Determining if the CL_VERSION_2_0 exist failed with the following output:
Change Dir: /home/ubuntu/dev/lrscp_ws/build/CMakeFiles/CMakeTmp

Run Build Command:"/usr/bin/make" "cmTC_d114d/fast"
/usr/bin/make -f CMakeFiles/cmTC_d114d.dir/build.make CMakeFiles/cmTC_d114d.dir/build
make[1]: Entering directory '/home/ubuntu/dev/lrscp_ws/build/CMakeFiles/CMakeTmp'
Building C object CMakeFiles/cmTC_d114d.dir/CheckSymbolExists.c.o
/usr/bin/cc     -o CMakeFiles/cmTC_d114d.dir/CheckSymbolExists.c.o   -c /home/ubuntu/dev/lrscp_ws/build/CMakeFiles/CMakeTmp/CheckSymbolExists.c
/home/ubuntu/dev/lrscp_ws/build/CMakeFiles/CMakeTmp/CheckSymbolExists.c:2:47: fatal error: OpenCL_INCLUDE_DIR-NOTFOUND/CL/cl.h: No such file or directory
compilation terminated.
CMakeFiles/cmTC_d114d.dir/build.make:65: recipe for target 'CMakeFiles/cmTC_d114d.dir/CheckSymbolExists.c.o' failed
make[1]: *** [CMakeFiles/cmTC_d114d.dir/CheckSymbolExists.c.o] Error 1
make[1]: Leaving directory '/home/ubuntu/dev/lrscp_ws/build/CMakeFiles/CMakeTmp'
Makefile:126: recipe for target 'cmTC_d114d/fast' failed
make: *** [cmTC_d114d/fast] Error 2

File /home/ubuntu/dev/lrscp_ws/build/CMakeFiles/CMakeTmp/CheckSymbolExists.c:
/* */
#include <OpenCL_INCLUDE_DIR-NOTFOUND/CL/cl.h>

int main(int argc, char** argv)
{
  (void)argv;
#ifndef CL_VERSION_2_0
  return ((int*)(&CL_VERSION_2_0))[argc];
#else
  (void)argc;
  return 0;
#endif
}

Determining if the CL_VERSION_1_2 exist failed with the following output:
Change Dir: /home/ubuntu/dev/lrscp_ws/build/CMakeFiles/CMakeTmp

Run Build Command:"/usr/bin/make" "cmTC_3dc8a/fast"
/usr/bin/make -f CMakeFiles/cmTC_3dc8a.dir/build.make CMakeFiles/cmTC_3dc8a.dir/build
make[1]: Entering directory '/home/ubuntu/dev/lrscp_ws/build/CMakeFiles/CMakeTmp'
Building C object CMakeFiles/cmTC_3dc8a.dir/CheckSymbolExists.c.o
/usr/bin/cc     -o CMakeFiles/cmTC_3dc8a.dir/CheckSymbolExists.c.o   -c /home/ubuntu/dev/lrscp_ws/build/CMakeFiles/CMakeTmp/CheckSymbolExists.c
/home/ubuntu/dev/lrscp_ws/build/CMakeFiles/CMakeTmp/CheckSymbolExists.c:2:47: fatal error: OpenCL_INCLUDE_DIR-NOTFOUND/CL/cl.h: No such file or directory
compilation terminated.
CMakeFiles/cmTC_3dc8a.dir/build.make:65: recipe for target 'CMakeFiles/cmTC_3dc8a.dir/CheckSymbolExists.c.o' failed
make[1]: *** [CMakeFiles/cmTC_3dc8a.dir/CheckSymbolExists.c.o] Error 1
make[1]: Leaving directory '/home/ubuntu/dev/lrscp_ws/build/CMakeFiles/CMakeTmp'
Makefile:126: recipe for target 'cmTC_3dc8a/fast' failed
make: *** [cmTC_3dc8a/fast] Error 2

File /home/ubuntu/dev/lrscp_ws/build/CMakeFiles/CMakeTmp/CheckSymbolExists.c:
/* */
#include <OpenCL_INCLUDE_DIR-NOTFOUND/CL/cl.h>

int main(int argc, char** argv)
{
  (void)argv;
#ifndef CL_VERSION_1_2
  return ((int*)(&CL_VERSION_1_2))[argc];
#else
  (void)argc;
  return 0;
#endif
}

Determining if the CL_VERSION_1_1 exist failed with the following output:
Change Dir: /home/ubuntu/dev/lrscp_ws/build/CMakeFiles/CMakeTmp

Run Build Command:"/usr/bin/make" "cmTC_04d4c/fast"
/usr/bin/make -f CMakeFiles/cmTC_04d4c.dir/build.make CMakeFiles/cmTC_04d4c.dir/build
make[1]: Entering directory '/home/ubuntu/dev/lrscp_ws/build/CMakeFiles/CMakeTmp'
Building C object CMakeFiles/cmTC_04d4c.dir/CheckSymbolExists.c.o
/usr/bin/cc     -o CMakeFiles/cmTC_04d4c.dir/CheckSymbolExists.c.o   -c /home/ubuntu/dev/lrscp_ws/build/CMakeFiles/CMakeTmp/CheckSymbolExists.c
/home/ubuntu/dev/lrscp_ws/build/CMakeFiles/CMakeTmp/CheckSymbolExists.c:2:47: fatal error: OpenCL_INCLUDE_DIR-NOTFOUND/CL/cl.h: No such file or directory
compilation terminated.
CMakeFiles/cmTC_04d4c.dir/build.make:65: recipe for target 'CMakeFiles/cmTC_04d4c.dir/CheckSymbolExists.c.o' failed
make[1]: *** [CMakeFiles/cmTC_04d4c.dir/CheckSymbolExists.c.o] Error 1
make[1]: Leaving directory '/home/ubuntu/dev/lrscp_ws/build/CMakeFiles/CMakeTmp'
Makefile:126: recipe for target 'cmTC_04d4c/fast' failed
make: *** [cmTC_04d4c/fast] Error 2

File /home/ubuntu/dev/lrscp_ws/build/CMakeFiles/CMakeTmp/CheckSymbolExists.c:
/* */
#include <OpenCL_INCLUDE_DIR-NOTFOUND/CL/cl.h>

int main(int argc, char** argv)
{
  (void)argv;
#ifndef CL_VERSION_1_1
  return ((int*)(&CL_VERSION_1_1))[argc];
#else
  (void)argc;
  return 0;
#endif
}

Determining if the CL_VERSION_1_0 exist failed with the following output:
Change Dir: /home/ubuntu/dev/lrscp_ws/build/CMakeFiles/CMakeTmp

Run Build Command:"/usr/bin/make" "cmTC_51c87/fast"
/usr/bin/make -f CMakeFiles/cmTC_51c87.dir/build.make CMakeFiles/cmTC_51c87.dir/build
make[1]: Entering directory '/home/ubuntu/dev/lrscp_ws/build/CMakeFiles/CMakeTmp'
Building C object CMakeFiles/cmTC_51c87.dir/CheckSymbolExists.c.o
/usr/bin/cc     -o CMakeFiles/cmTC_51c87.dir/CheckSymbolExists.c.o   -c /home/ubuntu/dev/lrscp_ws/build/CMakeFiles/CMakeTmp/CheckSymbolExists.c
/home/ubuntu/dev/lrscp_ws/build/CMakeFiles/CMakeTmp/CheckSymbolExists.c:2:47: fatal error: OpenCL_INCLUDE_DIR-NOTFOUND/CL/cl.h: No such file or directory
compilation terminated.
CMakeFiles/cmTC_51c87.dir/build.make:65: recipe for target 'CMakeFiles/cmTC_51c87.dir/CheckSymbolExists.c.o' failed
make[1]: *** [CMakeFiles/cmTC_51c87.dir/CheckSymbolExists.c.o] Error 1
make[1]: Leaving directory '/home/ubuntu/dev/lrscp_ws/build/CMakeFiles/CMakeTmp'
Makefile:126: recipe for target 'cmTC_51c87/fast' failed
make: *** [cmTC_51c87/fast] Error 2

File /home/ubuntu/dev/lrscp_ws/build/CMakeFiles/CMakeTmp/CheckSymbolExists.c:
/* */
#include <OpenCL_INCLUDE_DIR-NOTFOUND/CL/cl.h>

int main(int argc, char** argv)
{
  (void)argv;
#ifndef CL_VERSION_1_0
  return ((int*)(&CL_VERSION_1_0))[argc];
#else
  (void)argc;
  return 0;
#endif
}

